#
# There is insufficient memory for the Java Runtime Environment to continue.
# Native memory allocation (malloc) failed to allocate 266896 bytes for Chunk::new
# Possible reasons:
#   The system is out of physical RAM or swap space
#   In 32 bit mode, the process size limit was hit
# Possible solutions:
#   Reduce memory load on the system
#   Increase physical memory or swap space
#   Check if swap backing store is full
#   Use 64 bit Java on a 64 bit OS
#   Decrease Java heap size (-Xmx/-Xms)
#   Decrease number of Java threads
#   Decrease Java thread stack sizes (-Xss)
#   Set larger code cache with -XX:ReservedCodeCacheSize=
# This output file may be truncated or incomplete.
#
#  Out of Memory Error (allocation.cpp:323), pid=5872, tid=5568
#
# JRE version: Java(TM) SE Runtime Environment (7.0_75-b13) (build 1.7.0_75-b13)
# Java VM: Java HotSpot(TM) 64-Bit Server VM (24.75-b04 mixed mode windows-amd64 compressed oops)
# Failed to write core dump. Minidumps are not enabled by default on client versions of Windows
#

---------------  T H R E A D  ---------------

Current thread (0x000000000825f800):  JavaThread "C2 CompilerThread1" daemon [_thread_in_native, id=5568, stack(0x0000000009400000,0x0000000009500000)]

Stack: [0x0000000009400000,0x0000000009500000]
[error occurred during error reporting (printing stack bounds), id 0xc0000005]


Current CompileTask:
C2:   6486  408             com.android.dx.dex.cf.CfTranslator::translate0 (259 bytes)


---------------  P R O C E S S  ---------------

Java Threads: ( => current thread )
  0x0000000008262800 JavaThread "Service Thread" daemon [_thread_blocked, id=10564, stack(0x00000000095e0000,0x00000000096e0000)]
=>0x000000000825f800 JavaThread "C2 CompilerThread1" daemon [_thread_in_native, id=5568, stack(0x0000000009400000,0x0000000009500000)]
  0x0000000008258800 JavaThread "C2 CompilerThread0" daemon [_thread_blocked, id=11560, stack(0x0000000008fb0000,0x00000000090b0000)]
  0x0000000008257000 JavaThread "Attach Listener" daemon [_thread_blocked, id=3652, stack(0x00000000092c0000,0x00000000093c0000)]
  0x0000000008255800 JavaThread "Signal Dispatcher" daemon [_thread_blocked, id=12048, stack(0x00000000090d0000,0x00000000091d0000)]
  0x00000000081fa000 JavaThread "Finalizer" daemon [_thread_blocked, id=11648, stack(0x0000000008ea0000,0x0000000008fa0000)]
  0x00000000021ac800 JavaThread "Reference Handler" daemon [_thread_blocked, id=10824, stack(0x0000000008c70000,0x0000000008d70000)]
  0x000000000046e800 JavaThread "main" [_thread_in_Java, id=6764, stack(0x00000000021e0000,0x00000000022e0000)]

Other Threads:
  0x00000000021a8000 VMThread [stack: 0x0000000008b50000,0x0000000008c50000] [id=13300]
  0x000000000826c800 WatcherThread [stack: 0x0000000009780000,0x0000000009880000] [id=11396]

VM state:not at safepoint (normal execution)

VM Mutex/Monitor currently owned by a thread: None

Heap
 PSYoungGen      total 36352K, used 15145K [0x00000000eaa80000, 0x00000000ef180000, 0x0000000100000000)
  eden space 33792K, 37% used [0x00000000eaa80000,0x00000000eb6ca638,0x00000000ecb80000)
  from space 2560K, 100% used [0x00000000ecb80000,0x00000000ece00000,0x00000000ece00000)
  to   space 2560K, 0% used [0x00000000eef00000,0x00000000eef00000,0x00000000ef180000)
 ParOldGen       total 43520K, used 8850K [0x00000000c0000000, 0x00000000c2a80000, 0x00000000eaa80000)
  object space 43520K, 20% used [0x00000000c0000000,0x00000000c08a4878,0x00000000c2a80000)
 PSPermGen       total 21504K, used 5634K [0x00000000bae00000, 0x00000000bc300000, 0x00000000c0000000)
  object space 21504K, 26% used [0x00000000bae00000,0x00000000bb380828,0x00000000bc300000)

Card table byte_map: [0x0000000005480000,0x00000000056b0000] byte_map_base: 0x0000000004ea9000

Polling page: 0x0000000000430000

Code Cache  [0x00000000023c0000, 0x0000000002630000, 0x00000000053c0000)
 total_blobs=648 nmethods=415 adapters=186 free_code_cache=47446Kb largest_free_block=48546560

Compilation events (10 events):
Event: 6.288 Thread 0x000000000825f800  404             com.android.dx.cf.code.BasicBlocker::visitCommon (34 bytes)
Event: 6.290 Thread 0x000000000825f800 nmethod 404 0x0000000002465450 code [0x00000000024655a0, 0x0000000002465718]
Event: 6.304 Thread 0x0000000008258800 nmethod 403 0x000000000256f550 code [0x000000000256f820, 0x0000000002570fe0]
Event: 6.312 Thread 0x000000000825f800  405             com.android.dx.rop.cst.CstFieldRef::compareTo0 (43 bytes)
Event: 6.317 Thread 0x000000000825f800 nmethod 405 0x0000000002562490 code [0x0000000002562600, 0x0000000002562938]
Event: 6.337 Thread 0x000000000825f800  407   !         com.android.dx.cf.cst.ConstantPoolParser::determineOffsets (285 bytes)
Event: 6.338 Thread 0x0000000008258800  406             com.android.dx.cf.cst.ConstantPoolParser::parse (365 bytes)
Event: 6.341 Thread 0x000000000825f800 nmethod 407 0x000000000249a890 code [0x000000000249aaa0, 0x000000000249ad58]
Event: 6.341 Thread 0x000000000825f800  408             com.android.dx.dex.cf.CfTranslator::translate0 (259 bytes)
Event: 6.342 Thread 0x0000000008258800 nmethod 406 0x000000000249b290 code [0x000000000249b400, 0x000000000249b718]

GC Heap History (6 events):
Event: 1.698 GC heap before
{Heap before GC invocations=1 (full 0):
 PSYoungGen      total 19456K, used 16896K [0x00000000eaa80000, 0x00000000ec000000, 0x0000000100000000)
  eden space 16896K, 100% used [0x00000000eaa80000,0x00000000ebb00000,0x00000000ebb00000)
  from space 2560K, 0% used [0x00000000ebd80000,0x00000000ebd80000,0x00000000ec000000)
  to   space 2560K, 0% used [0x00000000ebb00000,0x00000000ebb00000,0x00000000ebd80000)
 ParOldGen       total 43520K, used 0K [0x00000000c0000000, 0x00000000c2a80000, 0x00000000eaa80000)
  object space 43520K, 0% used [0x00000000c0000000,0x00000000c0000000,0x00000000c2a80000)
 PSPermGen       total 21504K, used 5389K [0x00000000bae00000, 0x00000000bc300000, 0x00000000c0000000)
  object space 21504K, 25% used [0x00000000bae00000,0x00000000bb343618,0x00000000bc300000)
Event: 1.750 GC heap after
Heap after GC invocations=1 (full 0):
 PSYoungGen      total 19456K, used 2529K [0x00000000eaa80000, 0x00000000ed080000, 0x0000000100000000)
  eden space 16896K, 0% used [0x00000000eaa80000,0x00000000eaa80000,0x00000000ebb00000)
  from space 2560K, 98% used [0x00000000ebb00000,0x00000000ebd78550,0x00000000ebd80000)
  to   space 2560K, 0% used [0x00000000ece00000,0x00000000ece00000,0x00000000ed080000)
 ParOldGen       total 43520K, used 1446K [0x00000000c0000000, 0x00000000c2a80000, 0x00000000eaa80000)
  object space 43520K, 3% used [0x00000000c0000000,0x00000000c01699a0,0x00000000c2a80000)
 PSPermGen       total 21504K, used 5389K [0x00000000bae00000, 0x00000000bc300000, 0x00000000c0000000)
  object space 21504K, 25% used [0x00000000bae00000,0x00000000bb343618,0x00000000bc300000)
}
Event: 3.384 GC heap before
{Heap before GC invocations=2 (full 0):
 PSYoungGen      total 19456K, used 19425K [0x00000000eaa80000, 0x00000000ed080000, 0x0000000100000000)
  eden space 16896K, 100% used [0x00000000eaa80000,0x00000000ebb00000,0x00000000ebb00000)
  from space 2560K, 98% used [0x00000000ebb00000,0x00000000ebd78550,0x00000000ebd80000)
  to   space 2560K, 0% used [0x00000000ece00000,0x00000000ece00000,0x00000000ed080000)
 ParOldGen       total 43520K, used 1446K [0x00000000c0000000, 0x00000000c2a80000, 0x00000000eaa80000)
  object space 43520K, 3% used [0x00000000c0000000,0x00000000c01699a0,0x00000000c2a80000)
 PSPermGen       total 21504K, used 5570K [0x00000000bae00000, 0x00000000bc300000, 0x00000000c0000000)
  object space 21504K, 25% used [0x00000000bae00000,0x00000000bb3708a8,0x00000000bc300000)
Event: 3.403 GC heap after
Heap after GC invocations=2 (full 0):
 PSYoungGen      total 36352K, used 2549K [0x00000000eaa80000, 0x00000000ed080000, 0x0000000100000000)
  eden space 33792K, 0% used [0x00000000eaa80000,0x00000000eaa80000,0x00000000ecb80000)
  from space 2560K, 99% used [0x00000000ece00000,0x00000000ed07d4b0,0x00000000ed080000)
  to   space 2560K, 0% used [0x00000000ecb80000,0x00000000ecb80000,0x00000000ece00000)
 ParOldGen       total 43520K, used 3943K [0x00000000c0000000, 0x00000000c2a80000, 0x00000000eaa80000)
  object space 43520K, 9% used [0x00000000c0000000,0x00000000c03d9f08,0x00000000c2a80000)
 PSPermGen       total 21504K, used 5570K [0x00000000bae00000, 0x00000000bc300000, 0x00000000c0000000)
  object space 21504K, 25% used [0x00000000bae00000,0x00000000bb3708a8,0x00000000bc300000)
}
Event: 6.159 GC heap before
{Heap before GC invocations=3 (full 0):
 PSYoungGen      total 36352K, used 36341K [0x00000000eaa80000, 0x00000000ed080000, 0x0000000100000000)
  eden space 33792K, 100% used [0x00000000eaa80000,0x00000000ecb80000,0x00000000ecb80000)
  from space 2560K, 99% used [0x00000000ece00000,0x00000000ed07d4b0,0x00000000ed080000)
  to   space 2560K, 0% used [0x00000000ecb80000,0x00000000ecb80000,0x00000000ece00000)
 ParOldGen       total 43520K, used 3943K [0x00000000c0000000, 0x00000000c2a80000, 0x00000000eaa80000)
  object space 43520K, 9% used [0x00000000c0000000,0x00000000c03d9f08,0x00000000c2a80000)
 PSPermGen       total 21504K, used 5625K [0x00000000bae00000, 0x00000000bc300000, 0x00000000c0000000)
  object space 21504K, 26% used [0x00000000bae00000,0x00000000bb37e670,0x00000000bc300000)
Event: 6.210 GC heap after
Heap after GC invocations=3 (full 0):
 PSYoungGen      total 36352K, used 2560K [0x00000000eaa80000, 0x00000000ef180000, 0x0000000100000000)
  eden space 33792K, 0% used [0x00000000eaa80000,0x00000000eaa80000,0x00000000ecb80000)
  from space 2560K, 100% used [0x00000000ecb80000,0x00000000ece00000,0x00000000ece00000)
  to   space 2560K, 0% used [0x00000000eef00000,0x00000000eef00000,0x00000000ef180000)
 ParOldGen       total 43520K, used 8850K [0x00000000c0000000, 0x00000000c2a80000, 0x00000000eaa80000)
  object space 43520K, 20% used [0x00000000c0000000,0x00000000c08a4878,0x00000000c2a80000)
 PSPermGen       total 21504K, used 5625K [0x00000000bae00000, 0x00000000bc300000, 0x00000000c0000000)
  object space 21504K, 26% used [0x00000000bae00000,0x00000000bb37e670,0x00000000bc300000)
}

Deoptimization events (10 events):
Event: 4.609 Thread 0x000000000046e800 Uncommon trap: reason=bimorphic action=maybe_recompile pc=0x000000000248afec method=com.android.dx.ssa.SCCP.simulatePhi(Lcom/android/dx/ssa/PhiInsn;)V @ 124
Event: 4.609 Thread 0x000000000046e800 Uncommon trap: reason=bimorphic action=maybe_recompile pc=0x000000000248afec method=com.android.dx.ssa.SCCP.simulatePhi(Lcom/android/dx/ssa/PhiInsn;)V @ 124
Event: 4.609 Thread 0x000000000046e800 Uncommon trap: reason=bimorphic action=maybe_recompile pc=0x000000000248afec method=com.android.dx.ssa.SCCP.simulatePhi(Lcom/android/dx/ssa/PhiInsn;)V @ 124
Event: 5.205 Thread 0x000000000046e800 Uncommon trap: reason=bimorphic action=maybe_recompile pc=0x00000000024f4fcc method=com.android.dx.ssa.LiteralOpUpgrader.tryReplacingWithConstant(Lcom/android/dx/ssa/NormalSsaInsn;)Z @ 62
Event: 6.098 Thread 0x000000000046e800 Uncommon trap: reason=class_check action=maybe_recompile pc=0x00000000024cd44c method=com.android.dx.cf.code.Ropper.processBlock(Lcom/android/dx/cf/code/ByteBlock;Lcom/android/dx/cf/code/Frame;[I)V @ 777
Event: 6.116 Thread 0x000000000046e800 Uncommon trap: reason=bimorphic action=maybe_recompile pc=0x0000000002433bb8 method=java.util.HashMap.put(Ljava/lang/Object;Ljava/lang/Object;)Ljava/lang/Object; @ 83
Event: 6.116 Thread 0x000000000046e800 Uncommon trap: reason=bimorphic action=maybe_recompile pc=0x0000000002433bb8 method=java.util.HashMap.put(Ljava/lang/Object;Ljava/lang/Object;)Ljava/lang/Object; @ 83
Event: 6.116 Thread 0x000000000046e800 Uncommon trap: reason=bimorphic action=maybe_recompile pc=0x0000000002433bb8 method=java.util.HashMap.put(Ljava/lang/Object;Ljava/lang/Object;)Ljava/lang/Object; @ 83
Event: 6.117 Thread 0x000000000046e800 Uncommon trap: reason=bimorphic action=maybe_recompile pc=0x0000000002433bb8 method=java.util.HashMap.put(Ljava/lang/Object;Ljava/lang/Object;)Ljava/lang/Object; @ 83
Event: 6.305 Thread 0x000000000046e800 Uncommon trap: reason=class_check action=maybe_recompile pc=0x000000000254bbac method=com.android.dx.cf.code.RopperMachine.run(Lcom/android/dx/cf/code/Frame;II)V @ 310

Internal exceptions (10 events):
Event: 2.146 Thread 0x000000000046e800 Implicit null exception at 0x0000000002464794 to 0x0000000002465685
Event: 2.773 Thread 0x000000000046e800 Implicit null exception at 0x00000000024753e8 to 0x0000000002476531
Event: 3.350 Thread 0x000000000046e800 Threw 0x00000000eba00cf8 at C:\re\jdk7u75\1940\hotspot\src\share\vm\prims\jvm.cpp:1281
Event: 3.351 Thread 0x000000000046e800 Threw 0x00000000eba03260 at C:\re\jdk7u75\1940\hotspot\src\share\vm\prims\jvm.cpp:1281
Event: 3.356 Thread 0x000000000046e800 Threw 0x00000000eba29e30 at C:\re\jdk7u75\1940\hotspot\src\share\vm\prims\jvm.cpp:1281
Event: 3.357 Thread 0x000000000046e800 Threw 0x00000000eba2f698 at C:\re\jdk7u75\1940\hotspot\src\share\vm\prims\jvm.cpp:1281
Event: 3.358 Thread 0x000000000046e800 Threw 0x00000000eba34c78 at C:\re\jdk7u75\1940\hotspot\src\share\vm\prims\jvm.cpp:1281
Event: 4.327 Thread 0x000000000046e800 Threw 0x00000000eb2456c8 at C:\re\jdk7u75\1940\hotspot\src\share\vm\prims\jvm.cpp:1281
Event: 5.199 Thread 0x000000000046e800 Threw 0x00000000ebebf320 at C:\re\jdk7u75\1940\hotspot\src\share\vm\prims\jvm.cpp:1281
Event: 6.112 Thread 0x000000000046e800 Threw 0x00000000ec80b740 at C:\re\jdk7u75\1940\hotspot\src\share\vm\prims\jvm.cpp:1281

Events (10 events):
Event: 6.117 Thread 0x000000000046e800 DEOPT PACKING pc=0x0000000002433bb8 sp=0x00000000022de9b0
Event: 6.117 Thread 0x000000000046e800 DEOPT UNPACKING pc=0x00000000023f9064 sp=0x00000000022de940 mode 2
Event: 6.159 Executing VM operation: ParallelGCFailedAllocation
Event: 6.210 Executing VM operation: ParallelGCFailedAllocation done
Event: 6.257 Thread 0x0000000008258800 flushing nmethod 0x0000000002451b10
Event: 6.290 Thread 0x000000000825f800 flushing nmethod 0x00000000024748d0
Event: 6.305 Thread 0x000000000046e800 Uncommon trap: trap_request=0xffffffde fr.pc=0x000000000254bbac
Event: 6.305 Thread 0x000000000046e800 DEOPT PACKING pc=0x000000000254bbac sp=0x00000000022de930
Event: 6.305 Thread 0x000000000046e800 DEOPT UNPACKING pc=0x00000000023f9064 sp=0x00000000022de8a0 mode 2
Event: 6.341 Thread 0x000000000825f800 flushing nmethod 0x00000000024a9bd0


Dynamic libraries:
0x000000013f950000 - 0x000000013f983000 	C:\Program Files\Java\jdk1.7.0_75\bin\java.exe
0x0000000076e50000 - 0x0000000076ff9000 	C:\Windows\SYSTEM32\ntdll.dll
0x0000000076d30000 - 0x0000000076e4f000 	C:\Windows\system32\kernel32.dll
0x000007fefcfc0000 - 0x000007fefd02b000 	C:\Windows\system32\KERNELBASE.dll
0x000007fefdbd0000 - 0x000007fefdcab000 	C:\Windows\system32\ADVAPI32.dll
0x000007fefd170000 - 0x000007fefd20f000 	C:\Windows\system32\msvcrt.dll
0x000007feff0a0000 - 0x000007feff0bf000 	C:\Windows\SYSTEM32\sechost.dll
0x000007fefd3e0000 - 0x000007fefd50d000 	C:\Windows\system32\RPCRT4.dll
0x0000000076c30000 - 0x0000000076d2a000 	C:\Windows\system32\USER32.dll
0x000007fefec60000 - 0x000007fefecc7000 	C:\Windows\system32\GDI32.dll
0x000007fefdcb0000 - 0x000007fefdcbe000 	C:\Windows\system32\LPK.dll
0x000007fefd720000 - 0x000007fefd7e9000 	C:\Windows\system32\USP10.dll
0x000007fefb980000 - 0x000007fefbb74000 	C:\Windows\WinSxS\amd64_microsoft.windows.common-controls_6595b64144ccf1df_6.0.7601.17514_none_fa396087175ac9ac\COMCTL32.dll
0x000007feff020000 - 0x000007feff091000 	C:\Windows\system32\SHLWAPI.dll
0x000007fefeee0000 - 0x000007fefef0e000 	C:\Windows\system32\IMM32.DLL
0x000007fefef10000 - 0x000007feff019000 	C:\Windows\system32\MSCTF.dll
0x000000006b2e0000 - 0x000000006b3b2000 	C:\Program Files\Java\jdk1.7.0_75\jre\bin\msvcr100.dll
0x0000000069770000 - 0x0000000069f44000 	C:\Program Files\Java\jdk1.7.0_75\jre\bin\server\jvm.dll
0x000007fef50d0000 - 0x000007fef50d9000 	C:\Windows\system32\WSOCK32.dll
0x000007fefd330000 - 0x000007fefd37d000 	C:\Windows\system32\WS2_32.dll
0x000007fefd710000 - 0x000007fefd718000 	C:\Windows\system32\NSI.dll
0x000007fefa980000 - 0x000007fefa9bb000 	C:\Windows\system32\WINMM.dll
0x0000000077020000 - 0x0000000077027000 	C:\Windows\system32\PSAPI.DLL
0x000000006c400000 - 0x000000006c40f000 	C:\Program Files\Java\jdk1.7.0_75\jre\bin\verify.dll
0x000000006c3d0000 - 0x000000006c3f8000 	C:\Program Files\Java\jdk1.7.0_75\jre\bin\java.dll
0x000000006b1e0000 - 0x000000006b1f5000 	C:\Program Files\Java\jdk1.7.0_75\jre\bin\zip.dll
0x000000006ed10000 - 0x000000006ed29000 	C:\Program Files\Java\jdk1.7.0_75\jre\bin\net.dll
0x000007fefc610000 - 0x000007fefc665000 	C:\Windows\system32\mswsock.dll
0x000007fefc600000 - 0x000007fefc607000 	C:\Windows\System32\wship6.dll
0x000000006ecf0000 - 0x000000006ed01000 	C:\Program Files\Java\jdk1.7.0_75\jre\bin\nio.dll

VM Arguments:
jvm_args: -Djava.awt.headless=true -Xmx1024M -Dfile.encoding=windows-1252 -Duser.country=ES -Duser.language=es -Duser.variant 
java_command: com.android.dx.command.Main --dex --output E:\Personal\rudy\ANDROID WEB SERVICE\curso-SGOLIVER\curso-android-src-as-master\android-gridview\app\build\intermediates\pre-dexed\debug\com.android.support-appcompat-v7-21.0.3_76d604c89002995f8cc2780106096fb47456fc8a.jar E:\Personal\rudy\ANDROID WEB SERVICE\curso-SGOLIVER\curso-android-src-as-master\android-gridview\app\build\intermediates\exploded-aar\com.android.support\appcompat-v7\21.0.3\jars\classes.jar
Launcher Type: SUN_STANDARD

Environment Variables:
JAVA_HOME=C:\Program Files\Java\jdk1.7.0_75
PATH=C:\ProgramData\Oracle\Java\javapath;C:\Windows\system32;C:\Windows;C:\Windows\System32\Wbem;C:\Windows\System32\WindowsPowerShell\v1.0\;C:\Program Files (x86)\ATI Technologies\ATI.ACE\Core-Static;C:\Program Files\Java\jdk1.7.0_75\bin;C:\Program Files\TortoiseSVN\bin;C:\Program Files (x86)\Subversion\bin;C:\Program Files\PostgreSQL\9.1\bin;C:\Users\rsorto\Desktop\rudy\jars\sqljdbc4.jar;C:\Program Files (x86)\nodejs\;C:\Program Files\Microsoft SQL Server\110\DTS\Binn\;C:\Program Files (x86)\Microsoft SQL Server\110\Tools\Binn\ManagementStudio\;C:\Program Files (x86)\Microsoft SQL Server\110\Tools\Binn\;C:\Program Files\Microsoft SQL Server\110\Tools\Binn\;C:\Program Files (x86)\Microsoft Visual Studio 10.0\Common7\IDE\PrivateAssemblies\;C:\Program Files (x86)\Microsoft SQL Server\110\DTS\Binn\;C:\Program Files\apache\maven\bin;C:\Program Files (x86)\Skype\Phone\;C:\Users\rsorto\AppData\Roaming\npm
USERNAME=rsorto
OS=Windows_NT
PROCESSOR_IDENTIFIER=Intel64 Family 6 Model 23 Stepping 10, GenuineIntel



---------------  S Y S T E M  ---------------

OS: Windows 7 , 64 bit Build 7601 Service Pack 1

CPU:total 2 (2 cores per cpu, 1 threads per core) family 6 model 23 stepping 10, cmov, cx8, fxsr, mmx, sse, sse2, sse3, ssse3, tsc

Memory: 4k page, physical 4193656k(102896k free), swap 9224824k(6368k free)

vm_info: Java HotSpot(TM) 64-Bit Server VM (24.75-b04) for windows-amd64 JRE (1.7.0_75-b13), built on Dec 18 2014 17:15:01 by "java_re" with unknown MS VC++:1600

time: Tue Jan 05 10:21:18 2016
elapsed time: 6 seconds

